[32m2025-07-03 06:24:01 +0000[0m - dagster - [34mDEBUG[0m - __ASSET_JOB - 39fb15d7-81c3-4b1d-a143-ef9cf9d2f1ed - 57369 - LOGS_CAPTURED - Started capturing logs in process (pid: 57369).
[32m2025-07-03 06:24:01 +0000[0m - dagster - [34mDEBUG[0m - __ASSET_JOB - 39fb15d7-81c3-4b1d-a143-ef9cf9d2f1ed - 57369 - fetch_weather_api_data - STEP_START - Started execution of step "fetch_weather_api_data".
/home/codespace/.local/lib/python3.12/site-packages/urllib3/connectionpool.py:1097: InsecureRequestWarning: Unverified HTTPS request is being made to host 'api.open-meteo.com'. Adding certificate verification is strongly advised. See: https://urllib3.readthedocs.io/en/latest/advanced-usage.html#tls-warnings
  warnings.warn(
[32m2025-07-03 06:24:02 +0000[0m - dagster - [34mINFO[0m - __ASSET_JOB - 39fb15d7-81c3-4b1d-a143-ef9cf9d2f1ed - fetch_weather_api_data - Fetched data from API
[32m2025-07-03 06:24:02 +0000[0m - dagster - [34mERROR[0m - [31m__ASSET_JOB - 39fb15d7-81c3-4b1d-a143-ef9cf9d2f1ed - 57369 - fetch_weather_api_data - STEP_FAILURE - Execution of step "fetch_weather_api_data" failed.

dagster._core.errors.DagsterExecutionStepExecutionError: Error occurred while executing op "fetch_weather_api_data"::

TypeError: dump() missing 1 required positional argument: 'fp'

Stack Trace:
  File "/usr/local/python/3.12.1/lib/python3.12/site-packages/dagster/_core/execution/plan/utils.py", line 57, in op_execution_error_boundary
    yield
  File "/usr/local/python/3.12.1/lib/python3.12/site-packages/dagster/_utils/__init__.py", line 392, in iterate_with_context
    next_output = next(iterator)
                  ^^^^^^^^^^^^^^
  File "/usr/local/python/3.12.1/lib/python3.12/site-packages/dagster/_core/execution/plan/compute_generator.py", line 137, in _coerce_op_compute_fn_to_iterator
    result = invoke_compute_fn(
             ^^^^^^^^^^^^^^^^^^
  File "/usr/local/python/3.12.1/lib/python3.12/site-packages/dagster/_core/execution/plan/compute_generator.py", line 117, in invoke_compute_fn
    return fn(context, **args_to_pass) if context_arg_provided else fn(**args_to_pass)
           ^^^^^^^^^^^^^^^^^^^^^^^^^^^
  File "/workspaces/Wheather_project/weather_proj/weather_proj/assets.py", line 21, in fetch_weather_api_data
    formatted_data=json.dump(data, indent=2)
                   ^^^^^^^^^^^^^^^^^^^^^^^^^
[0m
