[0m06:07:56.664400 [debug] [MainThread]: Sending event: {'category': 'dbt', 'action': 'invocation', 'label': 'start', 'context': [<snowplow_tracker.self_describing_json.SelfDescribingJson object at 0x7ff01047f560>, <snowplow_tracker.self_describing_json.SelfDescribingJson object at 0x7ff0126856a0>, <snowplow_tracker.self_describing_json.SelfDescribingJson object at 0x7ff0102f09e0>]}


============================== 06:07:56.670383 | 0406f40c-b27d-48d0-9ae4-31bb48c8a302 ==============================
[0m06:07:56.670383 [info ] [MainThread]: Running with dbt=1.10.3
[0m06:07:56.671120 [debug] [MainThread]: running dbt with arguments {'printer_width': '80', 'indirect_selection': 'eager', 'log_cache_events': 'False', 'write_json': 'True', 'partial_parse': 'True', 'cache_selected_only': 'False', 'profiles_dir': '/home/codespace/.dbt', 'fail_fast': 'False', 'version_check': 'True', 'log_path': 'logs', 'debug': 'False', 'warn_error': 'None', 'use_colors': 'True', 'use_experimental_parser': 'False', 'empty': 'None', 'quiet': 'False', 'no_print': 'None', 'log_format': 'default', 'introspect': 'True', 'static_parser': 'True', 'warn_error_options': 'WarnErrorOptionsV2(error=[], warn=[], silence=[])', 'target_path': 'None', 'invocation_command': 'dbt init weather_transform', 'send_anonymous_usage_stats': 'True'}
[0m06:07:56.693958 [info ] [MainThread]: Creating dbt configuration folder at /home/codespace/.dbt
[0m06:07:56.696099 [debug] [MainThread]: Starter project path: /usr/local/python/3.12.1/lib/python3.12/site-packages/dbt/include/starter_project
[0m06:07:56.717420 [info ] [MainThread]: 
Your new dbt project "weather_transform" was created!

For more information on how to configure the profiles.yml file,
please consult the dbt documentation here:

  https://docs.getdbt.com/docs/configure-your-profile

One more thing:

Need help? Don't hesitate to reach out to us via GitHub issues or on Slack:

  https://community.getdbt.com/

Happy modeling!

[0m06:07:56.718128 [info ] [MainThread]: Setting up your profile.
[0m06:10:21.591809 [info ] [MainThread]: Profile weather_transform written to /home/codespace/.dbt/profiles.yml using target's profile_template.yml and your supplied values. Run 'dbt debug' to validate the connection.
[0m06:10:21.594724 [debug] [MainThread]: Resource report: {"command_name": "init", "command_success": true, "command_wall_clock_time": 145.00967, "process_in_blocks": "1616", "process_kernel_time": 0.312137, "process_mem_max_rss": "167408", "process_out_blocks": "80", "process_user_time": 2.231958}
[0m06:10:21.595347 [debug] [MainThread]: Command `dbt init` succeeded at 06:10:21.595217 after 145.01 seconds
[0m06:10:21.595996 [debug] [MainThread]: Sending event: {'category': 'dbt', 'action': 'invocation', 'label': 'end', 'context': [<snowplow_tracker.self_describing_json.SelfDescribingJson object at 0x7ff00fe6ca40>, <snowplow_tracker.self_describing_json.SelfDescribingJson object at 0x7ff00517cfe0>, <snowplow_tracker.self_describing_json.SelfDescribingJson object at 0x7ff005b1f9b0>]}
[0m06:10:21.596598 [debug] [MainThread]: Flushing usage events
[0m06:10:22.636816 [debug] [MainThread]: An error was encountered while trying to flush usage events
[0m06:11:01.796990 [debug] [MainThread]: Sending event: {'category': 'dbt', 'action': 'invocation', 'label': 'start', 'context': [<snowplow_tracker.self_describing_json.SelfDescribingJson object at 0x768c06624c80>, <snowplow_tracker.self_describing_json.SelfDescribingJson object at 0x768c0857d8b0>, <snowplow_tracker.self_describing_json.SelfDescribingJson object at 0x768c06d28ad0>]}


============================== 06:11:01.801530 | 866cd549-0ec8-4fd7-8ab6-181f344b1ccc ==============================
[0m06:11:01.801530 [info ] [MainThread]: Running with dbt=1.10.3
[0m06:11:01.802596 [debug] [MainThread]: running dbt with arguments {'printer_width': '80', 'indirect_selection': 'eager', 'log_cache_events': 'False', 'write_json': 'True', 'partial_parse': 'True', 'cache_selected_only': 'False', 'warn_error': 'None', 'debug': 'False', 'fail_fast': 'False', 'log_path': 'logs', 'version_check': 'True', 'profiles_dir': '/home/codespace/.dbt', 'use_colors': 'True', 'use_experimental_parser': 'False', 'no_print': 'None', 'quiet': 'False', 'empty': 'False', 'warn_error_options': 'WarnErrorOptionsV2(error=[], warn=[], silence=[])', 'invocation_command': 'dbt run', 'introspect': 'True', 'static_parser': 'True', 'target_path': 'None', 'log_format': 'default', 'send_anonymous_usage_stats': 'True'}
[0m06:11:01.803643 [error] [MainThread]: Encountered an error:
Runtime Error
  No dbt_project.yml found at expected path /workspaces/Wheather_project/dbt_project.yml
  Verify that each entry within packages.yml (and their transitive dependencies) contains a file named dbt_project.yml
  
[0m06:11:01.805198 [debug] [MainThread]: Resource report: {"command_name": "run", "command_success": false, "command_wall_clock_time": 0.089101285, "process_in_blocks": "0", "process_kernel_time": 0.242653, "process_mem_max_rss": "102020", "process_out_blocks": "24", "process_user_time": 1.709467}
[0m06:11:01.806093 [debug] [MainThread]: Command `dbt run` failed at 06:11:01.805941 after 0.09 seconds
[0m06:11:01.806909 [debug] [MainThread]: Sending event: {'category': 'dbt', 'action': 'invocation', 'label': 'end', 'context': [<snowplow_tracker.self_describing_json.SelfDescribingJson object at 0x768c06624c80>, <snowplow_tracker.self_describing_json.SelfDescribingJson object at 0x768c05d3b860>, <snowplow_tracker.self_describing_json.SelfDescribingJson object at 0x768c05a61df0>]}
[0m06:11:01.807756 [debug] [MainThread]: Flushing usage events
[0m06:11:03.434396 [debug] [MainThread]: An error was encountered while trying to flush usage events
[0m06:13:21.860296 [debug] [MainThread]: Sending event: {'category': 'dbt', 'action': 'invocation', 'label': 'start', 'context': [<snowplow_tracker.self_describing_json.SelfDescribingJson object at 0x70742da3af00>, <snowplow_tracker.self_describing_json.SelfDescribingJson object at 0x70742ced7e30>, <snowplow_tracker.self_describing_json.SelfDescribingJson object at 0x70742d5e5ca0>]}


============================== 06:13:21.864753 | bae7b4a1-9372-4747-a3f0-304b48ab0019 ==============================
[0m06:13:21.864753 [info ] [MainThread]: Running with dbt=1.10.3
[0m06:13:21.865716 [debug] [MainThread]: running dbt with arguments {'printer_width': '80', 'indirect_selection': 'eager', 'write_json': 'True', 'log_cache_events': 'False', 'partial_parse': 'True', 'cache_selected_only': 'False', 'warn_error': 'None', 'fail_fast': 'False', 'profiles_dir': '/home/codespace/.dbt', 'log_path': 'logs', 'debug': 'False', 'version_check': 'True', 'use_colors': 'True', 'use_experimental_parser': 'False', 'no_print': 'None', 'quiet': 'False', 'empty': 'None', 'log_format': 'default', 'static_parser': 'True', 'warn_error_options': 'WarnErrorOptionsV2(error=[], warn=[], silence=[])', 'invocation_command': 'dbt init weather_transform', 'target_path': 'None', 'introspect': 'True', 'send_anonymous_usage_stats': 'True'}
[0m06:13:21.880064 [debug] [MainThread]: Starter project path: /usr/local/python/3.12.1/lib/python3.12/site-packages/dbt/include/starter_project
[0m06:13:21.884230 [info ] [MainThread]: 
Your new dbt project "weather_transform" was created!

For more information on how to configure the profiles.yml file,
please consult the dbt documentation here:

  https://docs.getdbt.com/docs/configure-your-profile

One more thing:

Need help? Don't hesitate to reach out to us via GitHub issues or on Slack:

  https://community.getdbt.com/

Happy modeling!

[0m06:13:21.884881 [info ] [MainThread]: Setting up your profile.
[0m06:14:45.170617 [info ] [MainThread]: Profile weather_transform written to /home/codespace/.dbt/profiles.yml using target's profile_template.yml and your supplied values. Run 'dbt debug' to validate the connection.
[0m06:14:45.172059 [debug] [MainThread]: Resource report: {"command_name": "init", "command_success": true, "command_wall_clock_time": 83.40386, "process_in_blocks": "0", "process_kernel_time": 0.309344, "process_mem_max_rss": "168060", "process_out_blocks": "80", "process_user_time": 2.277446}
[0m06:14:45.172763 [debug] [MainThread]: Command `dbt init` succeeded at 06:14:45.172644 after 83.40 seconds
[0m06:14:45.173290 [debug] [MainThread]: Sending event: {'category': 'dbt', 'action': 'invocation', 'label': 'end', 'context': [<snowplow_tracker.self_describing_json.SelfDescribingJson object at 0x70742d011370>, <snowplow_tracker.self_describing_json.SelfDescribingJson object at 0x70742cbac6e0>, <snowplow_tracker.self_describing_json.SelfDescribingJson object at 0x70742d456ff0>]}
[0m06:14:45.173964 [debug] [MainThread]: Flushing usage events
[0m06:14:46.767219 [debug] [MainThread]: An error was encountered while trying to flush usage events
